# JRE version: Java(TM) SE Runtime Environment (22.0.1+8) (build 22.0.1+8-16)
# Java VM: Java HotSpot(TM) 64-Bit Server VM (22.0.1+8-16, mixed mode, sharing, tiered, compressed oops, compressed class ptrs, g1 gc, linux-amd64)
Heap:
 garbage-first heap   total reserved 989184K, committed 69632K, used 43700K [0x00000000c3a00000, 0x0000000100000000)
  region size 1024K, 11 young (11264K), 3 survivors (3072K)
 Metaspace       used 20222K, committed 20608K, reserved 1114112K
  class space    used 2817K, committed 3008K, reserved 1048576K
GC Heap History (10 events):
Event: 14.197 GC heap before
{Heap before GC invocations=0 (full 0):
 garbage-first heap   total reserved 989184K, committed 65536K, used 22563K [0x00000000c3a00000, 0x0000000100000000)
  region size 1024K, 22 young (22528K), 0 survivors (0K)
 Metaspace       used 5222K, committed 5440K, reserved 1114112K
  class space    used 638K, committed 704K, reserved 1048576K
}
Event: 14.205 GC heap after
{Heap after GC invocations=1 (full 0):
 garbage-first heap   total reserved 989184K, committed 65536K, used 3459K [0x00000000c3a00000, 0x0000000100000000)
  region size 1024K, 3 young (3072K), 3 survivors (3072K)
 Metaspace       used 5222K, committed 5440K, reserved 1114112K
  class space    used 638K, committed 704K, reserved 1048576K
}
Event: 15.544 GC heap before
{Heap before GC invocations=1 (full 0):
 garbage-first heap   total reserved 989184K, committed 65536K, used 37251K [0x00000000c3a00000, 0x0000000100000000)
  region size 1024K, 37 young (37888K), 3 survivors (3072K)
 Metaspace       used 13586K, committed 13888K, reserved 1114112K
  class space    used 1966K, committed 2112K, reserved 1048576K
}
Event: 15.553 GC heap after
{Heap after GC invocations=2 (full 0):
 garbage-first heap   total reserved 989184K, committed 65536K, used 6426K [0x00000000c3a00000, 0x0000000100000000)
  region size 1024K, 5 young (5120K), 5 survivors (5120K)
 Metaspace       used 13586K, committed 13888K, reserved 1114112K
  class space    used 1966K, committed 2112K, reserved 1048576K
}
Event: 157.822 GC heap before
{Heap before GC invocations=2 (full 0):
 garbage-first heap   total reserved 989184K, committed 65536K, used 56602K [0x00000000c3a00000, 0x0000000100000000)
  region size 1024K, 37 young (37888K), 5 survivors (5120K)
 Metaspace       used 18769K, committed 19072K, reserved 1114112K
  class space    used 2757K, committed 2880K, reserved 1048576K
}
Event: 157.834 GC heap after
{Heap after GC invocations=3 (full 0):
 garbage-first heap   total reserved 989184K, committed 69632K, used 29549K [0x00000000c3a00000, 0x0000000100000000)
  region size 1024K, 5 young (5120K), 5 survivors (5120K)
 Metaspace       used 18769K, committed 19072K, reserved 1114112K
  class space    used 2757K, committed 2880K, reserved 1048576K
}
Event: 182.426 GC heap before
{Heap before GC invocations=3 (full 0):
 garbage-first heap   total reserved 989184K, committed 69632K, used 57197K [0x00000000c3a00000, 0x0000000100000000)
  region size 1024K, 28 young (28672K), 5 survivors (5120K)
 Metaspace       used 19814K, committed 20224K, reserved 1114112K
  class space    used 2802K, committed 3008K, reserved 1048576K
}
Event: 182.432 GC heap after
{Heap after GC invocations=4 (full 0):
 garbage-first heap   total reserved 989184K, committed 69632K, used 31860K [0x00000000c3a00000, 0x0000000100000000)
  region size 1024K, 3 young (3072K), 3 survivors (3072K)
 Metaspace       used 19814K, committed 20224K, reserved 1114112K
  class space    used 2802K, committed 3008K, reserved 1048576K
}
Event: 197.710 GC heap before
{Heap before GC invocations=4 (full 0):
 garbage-first heap   total reserved 989184K, committed 69632K, used 42100K [0x00000000c3a00000, 0x0000000100000000)
  region size 1024K, 13 young (13312K), 3 survivors (3072K)
 Metaspace       used 20064K, committed 20480K, reserved 1114112K
  class space    used 2814K, committed 3008K, reserved 1048576K
}
Event: 197.719 GC heap after
{Heap after GC invocations=5 (full 0):
 garbage-first heap   total reserved 989184K, committed 69632K, used 35852K [0x00000000c3a00000, 0x0000000100000000)
  region size 1024K, 3 young (3072K), 3 survivors (3072K)
 Metaspace       used 20064K, committed 20480K, reserved 1114112K
  class space    used 2814K, committed 3008K, reserved 1048576K
}

