# JRE version: Java(TM) SE Runtime Environment (22.0.1+8) (build 22.0.1+8-16)
# Java VM: Java HotSpot(TM) 64-Bit Server VM (22.0.1+8-16, mixed mode, sharing, tiered, compressed oops, compressed class ptrs, g1 gc, linux-amd64)
Heap:
 garbage-first heap   total reserved 989184K, committed 86016K, used 54420K [0x00000000c3a00000, 0x0000000100000000)
  region size 1024K, 6 young (6144K), 3 survivors (3072K)
 Metaspace       used 20623K, committed 20992K, reserved 1114112K
  class space    used 2799K, committed 3008K, reserved 1048576K
GC Heap History (16 events):
Event: 1.843 GC heap before
{Heap before GC invocations=0 (full 0):
 garbage-first heap   total reserved 989184K, committed 65536K, used 22563K [0x00000000c3a00000, 0x0000000100000000)
  region size 1024K, 22 young (22528K), 0 survivors (0K)
 Metaspace       used 5219K, committed 5440K, reserved 1114112K
  class space    used 638K, committed 704K, reserved 1048576K
}
Event: 1.851 GC heap after
{Heap after GC invocations=1 (full 0):
 garbage-first heap   total reserved 989184K, committed 65536K, used 3203K [0x00000000c3a00000, 0x0000000100000000)
  region size 1024K, 3 young (3072K), 3 survivors (3072K)
 Metaspace       used 5219K, committed 5440K, reserved 1114112K
  class space    used 638K, committed 704K, reserved 1048576K
}
Event: 2.374 GC heap before
{Heap before GC invocations=1 (full 0):
 garbage-first heap   total reserved 989184K, committed 65536K, used 36995K [0x00000000c3a00000, 0x0000000100000000)
  region size 1024K, 37 young (37888K), 3 survivors (3072K)
 Metaspace       used 13588K, committed 13888K, reserved 1114112K
  class space    used 1965K, committed 2112K, reserved 1048576K
}
Event: 2.384 GC heap after
{Heap after GC invocations=2 (full 0):
 garbage-first heap   total reserved 989184K, committed 65536K, used 6468K [0x00000000c3a00000, 0x0000000100000000)
  region size 1024K, 5 young (5120K), 5 survivors (5120K)
 Metaspace       used 13588K, committed 13888K, reserved 1114112K
  class space    used 1965K, committed 2112K, reserved 1048576K
}
Event: 14.317 GC heap before
{Heap before GC invocations=2 (full 0):
 garbage-first heap   total reserved 989184K, committed 65536K, used 61764K [0x00000000c3a00000, 0x0000000100000000)
  region size 1024K, 37 young (37888K), 5 survivors (5120K)
 Metaspace       used 18213K, committed 18496K, reserved 1114112K
  class space    used 2604K, committed 2752K, reserved 1048576K
}
Event: 14.336 GC heap after
{Heap after GC invocations=3 (full 0):
 garbage-first heap   total reserved 989184K, committed 75776K, used 30026K [0x00000000c3a00000, 0x0000000100000000)
  region size 1024K, 5 young (5120K), 5 survivors (5120K)
 Metaspace       used 18213K, committed 18496K, reserved 1114112K
  class space    used 2604K, committed 2752K, reserved 1048576K
}
Event: 62.645 GC heap before
{Heap before GC invocations=3 (full 0):
 garbage-first heap   total reserved 989184K, committed 75776K, used 52554K [0x00000000c3a00000, 0x0000000100000000)
  region size 1024K, 22 young (22528K), 5 survivors (5120K)
 Metaspace       used 18804K, committed 19136K, reserved 1114112K
  class space    used 2607K, committed 2752K, reserved 1048576K
}
Event: 62.654 GC heap after
{Heap after GC invocations=4 (full 0):
 garbage-first heap   total reserved 989184K, committed 75776K, used 35942K [0x00000000c3a00000, 0x0000000100000000)
  region size 1024K, 3 young (3072K), 3 survivors (3072K)
 Metaspace       used 18804K, committed 19136K, reserved 1114112K
  class space    used 2607K, committed 2752K, reserved 1048576K
}
Event: 92.324 GC heap before
{Heap before GC invocations=5 (full 0):
 garbage-first heap   total reserved 989184K, committed 75776K, used 68710K [0x00000000c3a00000, 0x0000000100000000)
  region size 1024K, 29 young (29696K), 3 survivors (3072K)
 Metaspace       used 19972K, committed 20288K, reserved 1114112K
  class space    used 2764K, committed 2880K, reserved 1048576K
}
Event: 92.334 GC heap after
{Heap after GC invocations=6 (full 0):
 garbage-first heap   total reserved 989184K, committed 77824K, used 41742K [0x00000000c3a00000, 0x0000000100000000)
  region size 1024K, 4 young (4096K), 4 survivors (4096K)
 Metaspace       used 19972K, committed 20288K, reserved 1114112K
  class space    used 2764K, committed 2880K, reserved 1048576K
}
Event: 117.630 GC heap before
{Heap before GC invocations=6 (full 0):
 garbage-first heap   total reserved 989184K, committed 77824K, used 72462K [0x00000000c3a00000, 0x0000000100000000)
  region size 1024K, 27 young (27648K), 4 survivors (4096K)
 Metaspace       used 20286K, committed 20672K, reserved 1114112K
  class space    used 2785K, committed 3008K, reserved 1048576K
}
Event: 117.642 GC heap after
{Heap after GC invocations=7 (full 0):
 garbage-first heap   total reserved 989184K, committed 84992K, used 49908K [0x00000000c3a00000, 0x0000000100000000)
  region size 1024K, 4 young (4096K), 4 survivors (4096K)
 Metaspace       used 20286K, committed 20672K, reserved 1114112K
  class space    used 2785K, committed 3008K, reserved 1048576K
}
Event: 120.559 GC heap before
{Heap before GC invocations=7 (full 0):
 garbage-first heap   total reserved 989184K, committed 84992K, used 57076K [0x00000000c3a00000, 0x0000000100000000)
  region size 1024K, 12 young (12288K), 4 survivors (4096K)
 Metaspace       used 20351K, committed 20736K, reserved 1114112K
  class space    used 2787K, committed 3008K, reserved 1048576K
}
Event: 120.566 GC heap after
{Heap after GC invocations=8 (full 0):
 garbage-first heap   total reserved 989184K, committed 84992K, used 53130K [0x00000000c3a00000, 0x0000000100000000)
  region size 1024K, 3 young (3072K), 3 survivors (3072K)
 Metaspace       used 20351K, committed 20736K, reserved 1114112K
  class space    used 2787K, committed 3008K, reserved 1048576K
}
Event: 171.125 GC heap before
{Heap before GC invocations=9 (full 0):
 garbage-first heap   total reserved 989184K, committed 86016K, used 75658K [0x00000000c3a00000, 0x0000000100000000)
  region size 1024K, 23 young (23552K), 3 survivors (3072K)
 Metaspace       used 20596K, committed 20992K, reserved 1114112K
  class space    used 2796K, committed 3008K, reserved 1048576K
}
Event: 171.136 GC heap after
{Heap after GC invocations=10 (full 0):
 garbage-first heap   total reserved 989184K, committed 86016K, used 51914K [0x00000000c3a00000, 0x0000000100000000)
  region size 1024K, 3 young (3072K), 3 survivors (3072K)
 Metaspace       used 20596K, committed 20992K, reserved 1114112K
  class space    used 2796K, committed 3008K, reserved 1048576K
}

