# JRE version: Java(TM) SE Runtime Environment (22.0.1+8) (build 22.0.1+8-16)
# Java VM: Java HotSpot(TM) 64-Bit Server VM (22.0.1+8-16, mixed mode, sharing, tiered, compressed oops, compressed class ptrs, g1 gc, linux-amd64)
Heap:
 garbage-first heap   total reserved 989184K, committed 69632K, used 27253K [0x00000000c3a00000, 0x0000000100000000)
  region size 1024K, 6 young (6144K), 5 survivors (5120K)
 Metaspace       used 18816K, committed 19136K, reserved 1114112K
  class space    used 2671K, committed 2816K, reserved 1048576K
GC Heap History (6 events):
Event: 28.153 GC heap before
{Heap before GC invocations=0 (full 0):
 garbage-first heap   total reserved 989184K, committed 65536K, used 22563K [0x00000000c3a00000, 0x0000000100000000)
  region size 1024K, 22 young (22528K), 0 survivors (0K)
 Metaspace       used 5349K, committed 5568K, reserved 1114112K
  class space    used 674K, committed 768K, reserved 1048576K
}
Event: 28.161 GC heap after
{Heap after GC invocations=1 (full 0):
 garbage-first heap   total reserved 989184K, committed 65536K, used 3267K [0x00000000c3a00000, 0x0000000100000000)
  region size 1024K, 3 young (3072K), 3 survivors (3072K)
 Metaspace       used 5349K, committed 5568K, reserved 1114112K
  class space    used 674K, committed 768K, reserved 1048576K
}
Event: 33.419 GC heap before
{Heap before GC invocations=1 (full 0):
 garbage-first heap   total reserved 989184K, committed 65536K, used 37059K [0x00000000c3a00000, 0x0000000100000000)
  region size 1024K, 37 young (37888K), 3 survivors (3072K)
 Metaspace       used 13953K, committed 14336K, reserved 1114112K
  class space    used 2011K, committed 2176K, reserved 1048576K
}
Event: 33.429 GC heap after
{Heap after GC invocations=2 (full 0):
 garbage-first heap   total reserved 989184K, committed 65536K, used 6850K [0x00000000c3a00000, 0x0000000100000000)
  region size 1024K, 5 young (5120K), 5 survivors (5120K)
 Metaspace       used 13953K, committed 14336K, reserved 1114112K
  class space    used 2011K, committed 2176K, reserved 1048576K
}
Event: 136.675 GC heap before
{Heap before GC invocations=2 (full 0):
 garbage-first heap   total reserved 989184K, committed 65536K, used 57026K [0x00000000c3a00000, 0x0000000100000000)
  region size 1024K, 37 young (37888K), 5 survivors (5120K)
 Metaspace       used 18812K, committed 19136K, reserved 1114112K
  class space    used 2671K, committed 2816K, reserved 1048576K
}
Event: 136.684 GC heap after
{Heap after GC invocations=3 (full 0):
 garbage-first heap   total reserved 989184K, committed 69632K, used 27253K [0x00000000c3a00000, 0x0000000100000000)
  region size 1024K, 5 young (5120K), 5 survivors (5120K)
 Metaspace       used 18812K, committed 19136K, reserved 1114112K
  class space    used 2671K, committed 2816K, reserved 1048576K
}

