# JRE version: Java(TM) SE Runtime Environment (22.0.1+8) (build 22.0.1+8-16)
# Java VM: Java HotSpot(TM) 64-Bit Server VM (22.0.1+8-16, mixed mode, sharing, tiered, compressed oops, compressed class ptrs, g1 gc, linux-amd64)
Heap:
 garbage-first heap   total reserved 989184K, committed 75776K, used 64110K [0x00000000c3a00000, 0x0000000100000000)
  region size 1024K, 11 young (11264K), 1 survivors (1024K)
 Metaspace       used 18540K, committed 18880K, reserved 1114112K
  class space    used 2648K, committed 2816K, reserved 1048576K
GC Heap History (8 events):
Event: 3.484 GC heap before
{Heap before GC invocations=0 (full 0):
 garbage-first heap   total reserved 989184K, committed 65536K, used 23587K [0x00000000c3a00000, 0x0000000100000000)
  region size 1024K, 22 young (22528K), 0 survivors (0K)
 Metaspace       used 5333K, committed 5568K, reserved 1114112K
  class space    used 675K, committed 768K, reserved 1048576K
}
Event: 3.490 GC heap after
{Heap after GC invocations=1 (full 0):
 garbage-first heap   total reserved 989184K, committed 65536K, used 3267K [0x00000000c3a00000, 0x0000000100000000)
  region size 1024K, 3 young (3072K), 3 survivors (3072K)
 Metaspace       used 5333K, committed 5568K, reserved 1114112K
  class space    used 675K, committed 768K, reserved 1048576K
}
Event: 4.129 GC heap before
{Heap before GC invocations=1 (full 0):
 garbage-first heap   total reserved 989184K, committed 65536K, used 38083K [0x00000000c3a00000, 0x0000000100000000)
  region size 1024K, 37 young (37888K), 3 survivors (3072K)
 Metaspace       used 13954K, committed 14336K, reserved 1114112K
  class space    used 2012K, committed 2176K, reserved 1048576K
}
Event: 4.140 GC heap after
{Heap after GC invocations=2 (full 0):
 garbage-first heap   total reserved 989184K, committed 65536K, used 6838K [0x00000000c3a00000, 0x0000000100000000)
  region size 1024K, 5 young (5120K), 5 survivors (5120K)
 Metaspace       used 13954K, committed 14336K, reserved 1114112K
  class space    used 2012K, committed 2176K, reserved 1048576K
}
Event: 53.794 GC heap before
{Heap before GC invocations=2 (full 0):
 garbage-first heap   total reserved 989184K, committed 65536K, used 48822K [0x00000000c3a00000, 0x0000000100000000)
  region size 1024K, 30 young (30720K), 5 survivors (5120K)
 Metaspace       used 17941K, committed 18304K, reserved 1114112K
  class space    used 2609K, committed 2816K, reserved 1048576K
}
Event: 53.801 GC heap after
{Heap after GC invocations=3 (full 0):
 garbage-first heap   total reserved 989184K, committed 65536K, used 26728K [0x00000000c3a00000, 0x0000000100000000)
  region size 1024K, 5 young (5120K), 5 survivors (5120K)
 Metaspace       used 17941K, committed 18304K, reserved 1114112K
  class space    used 2609K, committed 2816K, reserved 1048576K
}
Event: 53.803 GC heap before
{Heap before GC invocations=3 (full 0):
 garbage-first heap   total reserved 989184K, committed 65536K, used 34920K [0x00000000c3a00000, 0x0000000100000000)
  region size 1024K, 6 young (6144K), 5 survivors (5120K)
 Metaspace       used 17942K, committed 18304K, reserved 1114112K
  class space    used 2609K, committed 2816K, reserved 1048576K
}
Event: 53.806 GC heap after
{Heap after GC invocations=4 (full 0):
 garbage-first heap   total reserved 989184K, committed 65536K, used 35352K [0x00000000c3a00000, 0x0000000100000000)
  region size 1024K, 1 young (1024K), 1 survivors (1024K)
 Metaspace       used 17942K, committed 18304K, reserved 1114112K
  class space    used 2609K, committed 2816K, reserved 1048576K
}

