# JRE version: Java(TM) SE Runtime Environment (22.0.1+8) (build 22.0.1+8-16)
# Java VM: Java HotSpot(TM) 64-Bit Server VM (22.0.1+8-16, mixed mode, sharing, tiered, compressed oops, compressed class ptrs, g1 gc, linux-amd64)
Heap:
 garbage-first heap   total reserved 989184K, committed 69632K, used 34558K [0x00000000c3a00000, 0x0000000100000000)
  region size 1024K, 10 young (10240K), 5 survivors (5120K)
 Metaspace       used 18947K, committed 19328K, reserved 1114112K
  class space    used 2776K, committed 2944K, reserved 1048576K
GC Heap History (6 events):
Event: 3.259 GC heap before
{Heap before GC invocations=0 (full 0):
 garbage-first heap   total reserved 989184K, committed 65536K, used 22563K [0x00000000c3a00000, 0x0000000100000000)
  region size 1024K, 22 young (22528K), 0 survivors (0K)
 Metaspace       used 5219K, committed 5440K, reserved 1114112K
  class space    used 634K, committed 704K, reserved 1048576K
}
Event: 3.267 GC heap after
{Heap after GC invocations=1 (full 0):
 garbage-first heap   total reserved 989184K, committed 65536K, used 3267K [0x00000000c3a00000, 0x0000000100000000)
  region size 1024K, 3 young (3072K), 3 survivors (3072K)
 Metaspace       used 5219K, committed 5440K, reserved 1114112K
  class space    used 634K, committed 704K, reserved 1048576K
}
Event: 4.752 GC heap before
{Heap before GC invocations=1 (full 0):
 garbage-first heap   total reserved 989184K, committed 65536K, used 37059K [0x00000000c3a00000, 0x0000000100000000)
  region size 1024K, 37 young (37888K), 3 survivors (3072K)
 Metaspace       used 13576K, committed 13888K, reserved 1114112K
  class space    used 1964K, committed 2112K, reserved 1048576K
}
Event: 4.760 GC heap after
{Heap after GC invocations=2 (full 0):
 garbage-first heap   total reserved 989184K, committed 65536K, used 6375K [0x00000000c3a00000, 0x0000000100000000)
  region size 1024K, 5 young (5120K), 5 survivors (5120K)
 Metaspace       used 13576K, committed 13888K, reserved 1114112K
  class space    used 1964K, committed 2112K, reserved 1048576K
}
Event: 17.975 GC heap before
{Heap before GC invocations=2 (full 0):
 garbage-first heap   total reserved 989184K, committed 65536K, used 56551K [0x00000000c3a00000, 0x0000000100000000)
  region size 1024K, 37 young (37888K), 5 survivors (5120K)
 Metaspace       used 18692K, committed 19072K, reserved 1114112K
  class space    used 2770K, committed 2944K, reserved 1048576K
}
Event: 18.054 GC heap after
{Heap after GC invocations=3 (full 0):
 garbage-first heap   total reserved 989184K, committed 69632K, used 29817K [0x00000000c3a00000, 0x0000000100000000)
  region size 1024K, 5 young (5120K), 5 survivors (5120K)
 Metaspace       used 18692K, committed 19072K, reserved 1114112K
  class space    used 2770K, committed 2944K, reserved 1048576K
}

