# JRE version: Java(TM) SE Runtime Environment (22.0.1+8) (build 22.0.1+8-16)
# Java VM: Java HotSpot(TM) 64-Bit Server VM (22.0.1+8-16, mixed mode, sharing, tiered, compressed oops, compressed class ptrs, g1 gc, linux-amd64)
Heap:
 garbage-first heap   total reserved 989184K, committed 70656K, used 48469K [0x00000000c3a00000, 0x0000000100000000)
  region size 1024K, 4 young (4096K), 1 survivors (1024K)
 Metaspace       used 19565K, committed 19904K, reserved 1114112K
  class space    used 2786K, committed 2944K, reserved 1048576K
GC Heap History (8 events):
Event: 3.519 GC heap before
{Heap before GC invocations=0 (full 0):
 garbage-first heap   total reserved 989184K, committed 65536K, used 22563K [0x00000000c3a00000, 0x0000000100000000)
  region size 1024K, 22 young (22528K), 0 survivors (0K)
 Metaspace       used 5271K, committed 5504K, reserved 1114112K
  class space    used 658K, committed 768K, reserved 1048576K
}
Event: 3.525 GC heap after
{Heap after GC invocations=1 (full 0):
 garbage-first heap   total reserved 989184K, committed 65536K, used 3203K [0x00000000c3a00000, 0x0000000100000000)
  region size 1024K, 3 young (3072K), 3 survivors (3072K)
 Metaspace       used 5271K, committed 5504K, reserved 1114112K
  class space    used 658K, committed 768K, reserved 1048576K
}
Event: 3.958 GC heap before
{Heap before GC invocations=1 (full 0):
 garbage-first heap   total reserved 989184K, committed 65536K, used 36995K [0x00000000c3a00000, 0x0000000100000000)
  region size 1024K, 37 young (37888K), 3 survivors (3072K)
 Metaspace       used 13647K, committed 14016K, reserved 1114112K
  class space    used 1978K, committed 2176K, reserved 1048576K
}
Event: 3.965 GC heap after
{Heap after GC invocations=2 (full 0):
 garbage-first heap   total reserved 989184K, committed 65536K, used 6322K [0x00000000c3a00000, 0x0000000100000000)
  region size 1024K, 5 young (5120K), 5 survivors (5120K)
 Metaspace       used 13647K, committed 14016K, reserved 1114112K
  class space    used 1978K, committed 2176K, reserved 1048576K
}
Event: 19.329 GC heap before
{Heap before GC invocations=2 (full 0):
 garbage-first heap   total reserved 989184K, committed 65536K, used 56498K [0x00000000c3a00000, 0x0000000100000000)
  region size 1024K, 37 young (37888K), 5 survivors (5120K)
 Metaspace       used 18750K, committed 19072K, reserved 1114112K
  class space    used 2772K, committed 2944K, reserved 1048576K
}
Event: 19.337 GC heap after
{Heap after GC invocations=3 (full 0):
 garbage-first heap   total reserved 989184K, committed 69632K, used 29897K [0x00000000c3a00000, 0x0000000100000000)
  region size 1024K, 5 young (5120K), 5 survivors (5120K)
 Metaspace       used 18750K, committed 19072K, reserved 1114112K
  class space    used 2772K, committed 2944K, reserved 1048576K
}
Event: 47.499 GC heap before
{Heap before GC invocations=3 (full 0):
 garbage-first heap   total reserved 989184K, committed 69632K, used 46281K [0x00000000c3a00000, 0x0000000100000000)
  region size 1024K, 19 young (19456K), 5 survivors (5120K)
 Metaspace       used 19556K, committed 19904K, reserved 1114112K
  class space    used 2782K, committed 2944K, reserved 1048576K
}
Event: 47.505 GC heap after
{Heap after GC invocations=4 (full 0):
 garbage-first heap   total reserved 989184K, committed 69632K, used 33987K [0x00000000c3a00000, 0x0000000100000000)
  region size 1024K, 1 young (1024K), 1 survivors (1024K)
 Metaspace       used 19556K, committed 19904K, reserved 1114112K
  class space    used 2782K, committed 2944K, reserved 1048576K
}

