# JRE version: Java(TM) SE Runtime Environment (22.0.1+8) (build 22.0.1+8-16)
# Java VM: Java HotSpot(TM) 64-Bit Server VM (22.0.1+8-16, mixed mode, sharing, tiered, compressed oops, compressed class ptrs, g1 gc, linux-amd64)
Heap:
 garbage-first heap   total reserved 989184K, committed 68608K, used 48376K [0x00000000c3a00000, 0x0000000100000000)
  region size 1024K, 24 young (24576K), 5 survivors (5120K)
 Metaspace       used 19497K, committed 19904K, reserved 1114112K
  class space    used 2778K, committed 3008K, reserved 1048576K
GC Heap History (6 events):
Event: 5.848 GC heap before
{Heap before GC invocations=0 (full 0):
 garbage-first heap   total reserved 989184K, committed 65536K, used 22563K [0x00000000c3a00000, 0x0000000100000000)
  region size 1024K, 22 young (22528K), 0 survivors (0K)
 Metaspace       used 4945K, committed 5184K, reserved 1114112K
  class space    used 587K, committed 704K, reserved 1048576K
}
Event: 5.854 GC heap after
{Heap after GC invocations=1 (full 0):
 garbage-first heap   total reserved 989184K, committed 65536K, used 3026K [0x00000000c3a00000, 0x0000000100000000)
  region size 1024K, 2 young (2048K), 2 survivors (2048K)
 Metaspace       used 4945K, committed 5184K, reserved 1114112K
  class space    used 587K, committed 704K, reserved 1048576K
}
Event: 7.623 GC heap before
{Heap before GC invocations=1 (full 0):
 garbage-first heap   total reserved 989184K, committed 65536K, used 37842K [0x00000000c3a00000, 0x0000000100000000)
  region size 1024K, 37 young (37888K), 2 survivors (2048K)
 Metaspace       used 12595K, committed 12992K, reserved 1114112K
  class space    used 1721K, committed 1920K, reserved 1048576K
}
Event: 7.629 GC heap after
{Heap after GC invocations=2 (full 0):
 garbage-first heap   total reserved 989184K, committed 65536K, used 6179K [0x00000000c3a00000, 0x0000000100000000)
  region size 1024K, 5 young (5120K), 5 survivors (5120K)
 Metaspace       used 12595K, committed 12992K, reserved 1114112K
  class space    used 1721K, committed 1920K, reserved 1048576K
}
Event: 22.675 GC heap before
{Heap before GC invocations=2 (full 0):
 garbage-first heap   total reserved 989184K, committed 65536K, used 56355K [0x00000000c3a00000, 0x0000000100000000)
  region size 1024K, 37 young (37888K), 5 survivors (5120K)
 Metaspace       used 17729K, committed 18112K, reserved 1114112K
  class space    used 2589K, committed 2752K, reserved 1048576K
}
Event: 22.778 GC heap after
{Heap after GC invocations=3 (full 0):
 garbage-first heap   total reserved 989184K, committed 68608K, used 29034K [0x00000000c3a00000, 0x0000000100000000)
  region size 1024K, 5 young (5120K), 5 survivors (5120K)
 Metaspace       used 17729K, committed 18112K, reserved 1114112K
  class space    used 2589K, committed 2752K, reserved 1048576K
}

