# JRE version: Java(TM) SE Runtime Environment (22.0.1+8) (build 22.0.1+8-16)
# Java VM: Java HotSpot(TM) 64-Bit Server VM (22.0.1+8-16, mixed mode, sharing, tiered, compressed oops, compressed class ptrs, g1 gc, linux-amd64)
Heap:
 garbage-first heap   total reserved 989184K, committed 118784K, used 49356K [0x00000000c3a00000, 0x0000000100000000)
  region size 1024K, 12 young (12288K), 2 survivors (2048K)
 Metaspace       used 21003K, committed 21376K, reserved 1114112K
  class space    used 2833K, committed 3008K, reserved 1048576K
GC Heap History (20 events):
Event: 3.844 GC heap before
{Heap before GC invocations=0 (full 0):
 garbage-first heap   total reserved 989184K, committed 65536K, used 22563K [0x00000000c3a00000, 0x0000000100000000)
  region size 1024K, 22 young (22528K), 0 survivors (0K)
 Metaspace       used 5270K, committed 5504K, reserved 1114112K
  class space    used 658K, committed 768K, reserved 1048576K
}
Event: 3.850 GC heap after
{Heap after GC invocations=1 (full 0):
 garbage-first heap   total reserved 989184K, committed 65536K, used 3395K [0x00000000c3a00000, 0x0000000100000000)
  region size 1024K, 3 young (3072K), 3 survivors (3072K)
 Metaspace       used 5270K, committed 5504K, reserved 1114112K
  class space    used 658K, committed 768K, reserved 1048576K
}
Event: 4.275 GC heap before
{Heap before GC invocations=1 (full 0):
 garbage-first heap   total reserved 989184K, committed 65536K, used 37187K [0x00000000c3a00000, 0x0000000100000000)
  region size 1024K, 37 young (37888K), 3 survivors (3072K)
 Metaspace       used 13640K, committed 14016K, reserved 1114112K
  class space    used 1978K, committed 2176K, reserved 1048576K
}
Event: 4.283 GC heap after
{Heap after GC invocations=2 (full 0):
 garbage-first heap   total reserved 989184K, committed 65536K, used 6399K [0x00000000c3a00000, 0x0000000100000000)
  region size 1024K, 5 young (5120K), 5 survivors (5120K)
 Metaspace       used 13640K, committed 14016K, reserved 1114112K
  class space    used 1978K, committed 2176K, reserved 1048576K
}
Event: 14.334 GC heap before
{Heap before GC invocations=2 (full 0):
 garbage-first heap   total reserved 989184K, committed 65536K, used 56575K [0x00000000c3a00000, 0x0000000100000000)
  region size 1024K, 37 young (37888K), 5 survivors (5120K)
 Metaspace       used 18709K, committed 19072K, reserved 1114112K
  class space    used 2764K, committed 2944K, reserved 1048576K
}
Event: 14.343 GC heap after
{Heap after GC invocations=3 (full 0):
 garbage-first heap   total reserved 989184K, committed 69632K, used 30223K [0x00000000c3a00000, 0x0000000100000000)
  region size 1024K, 5 young (5120K), 5 survivors (5120K)
 Metaspace       used 18709K, committed 19072K, reserved 1114112K
  class space    used 2764K, committed 2944K, reserved 1048576K
}
Event: 27.641 GC heap before
{Heap before GC invocations=3 (full 0):
 garbage-first heap   total reserved 989184K, committed 69632K, used 51727K [0x00000000c3a00000, 0x0000000100000000)
  region size 1024K, 23 young (23552K), 5 survivors (5120K)
 Metaspace       used 19634K, committed 20032K, reserved 1114112K
  class space    used 2804K, committed 3008K, reserved 1048576K
}
Event: 27.647 GC heap after
{Heap after GC invocations=4 (full 0):
 garbage-first heap   total reserved 989184K, committed 69632K, used 31446K [0x00000000c3a00000, 0x0000000100000000)
  region size 1024K, 2 young (2048K), 2 survivors (2048K)
 Metaspace       used 19634K, committed 20032K, reserved 1114112K
  class space    used 2804K, committed 3008K, reserved 1048576K
}
Event: 69.699 GC heap before
{Heap before GC invocations=5 (full 0):
 garbage-first heap   total reserved 989184K, committed 71680K, used 69334K [0x00000000c3a00000, 0x0000000100000000)
  region size 1024K, 27 young (27648K), 2 survivors (2048K)
 Metaspace       used 20352K, committed 20736K, reserved 1114112K
  class space    used 2817K, committed 3008K, reserved 1048576K
}
Event: 69.703 GC heap after
{Heap after GC invocations=6 (full 0):
 garbage-first heap   total reserved 989184K, committed 74752K, used 34176K [0x00000000c3a00000, 0x0000000100000000)
  region size 1024K, 3 young (3072K), 3 survivors (3072K)
 Metaspace       used 20352K, committed 20736K, reserved 1114112K
  class space    used 2817K, committed 3008K, reserved 1048576K
}
Event: 99.648 GC heap before
{Heap before GC invocations=6 (full 0):
 garbage-first heap   total reserved 989184K, committed 77824K, used 72064K [0x00000000c3a00000, 0x0000000100000000)
  region size 1024K, 31 young (31744K), 3 survivors (3072K)
 Metaspace       used 20835K, committed 21184K, reserved 1114112K
  class space    used 2828K, committed 3008K, reserved 1048576K
}
Event: 99.654 GC heap after
{Heap after GC invocations=7 (full 0):
 garbage-first heap   total reserved 989184K, committed 79872K, used 33990K [0x00000000c3a00000, 0x0000000100000000)
  region size 1024K, 4 young (4096K), 4 survivors (4096K)
 Metaspace       used 20835K, committed 21184K, reserved 1114112K
  class space    used 2828K, committed 3008K, reserved 1048576K
}
Event: 148.530 GC heap before
{Heap before GC invocations=7 (full 0):
 garbage-first heap   total reserved 989184K, committed 79872K, used 49350K [0x00000000c3a00000, 0x0000000100000000)
  region size 1024K, 15 young (15360K), 4 survivors (4096K)
 Metaspace       used 20919K, committed 21312K, reserved 1114112K
  class space    used 2829K, committed 3008K, reserved 1048576K
}
Event: 148.605 GC heap after
{Heap after GC invocations=8 (full 0):
 garbage-first heap   total reserved 989184K, committed 79872K, used 38241K [0x00000000c3a00000, 0x0000000100000000)
  region size 1024K, 3 young (3072K), 3 survivors (3072K)
 Metaspace       used 20919K, committed 21312K, reserved 1114112K
  class space    used 2829K, committed 3008K, reserved 1048576K
}
Event: 148.740 GC heap before
{Heap before GC invocations=8 (full 0):
 garbage-first heap   total reserved 989184K, committed 79872K, used 40289K [0x00000000c3a00000, 0x0000000100000000)
  region size 1024K, 4 young (4096K), 3 survivors (3072K)
 Metaspace       used 20919K, committed 21312K, reserved 1114112K
  class space    used 2829K, committed 3008K, reserved 1048576K
}
Event: 148.746 GC heap after
{Heap after GC invocations=9 (full 0):
 garbage-first heap   total reserved 989184K, committed 79872K, used 36022K [0x00000000c3a00000, 0x0000000100000000)
  region size 1024K, 3 young (3072K), 3 survivors (3072K)
 Metaspace       used 20919K, committed 21312K, reserved 1114112K
  class space    used 2829K, committed 3008K, reserved 1048576K
}
Event: 148.900 GC heap before
{Heap before GC invocations=9 (full 0):
 garbage-first heap   total reserved 989184K, committed 79872K, used 39094K [0x00000000c3a00000, 0x0000000100000000)
  region size 1024K, 4 young (4096K), 3 survivors (3072K)
 Metaspace       used 20920K, committed 21312K, reserved 1114112K
  class space    used 2829K, committed 3008K, reserved 1048576K
}
Event: 148.914 GC heap after
{Heap after GC invocations=10 (full 0):
 garbage-first heap   total reserved 989184K, committed 79872K, used 36004K [0x00000000c3a00000, 0x0000000100000000)
  region size 1024K, 3 young (3072K), 3 survivors (3072K)
 Metaspace       used 20920K, committed 21312K, reserved 1114112K
  class space    used 2829K, committed 3008K, reserved 1048576K
}
Event: 156.054 GC heap before
{Heap before GC invocations=10 (full 0):
 garbage-first heap   total reserved 989184K, committed 79872K, used 42148K [0x00000000c3a00000, 0x0000000100000000)
  region size 1024K, 7 young (7168K), 3 survivors (3072K)
 Metaspace       used 20942K, committed 21312K, reserved 1114112K
  class space    used 2829K, committed 3008K, reserved 1048576K
}
Event: 156.057 GC heap after
{Heap after GC invocations=11 (full 0):
 garbage-first heap   total reserved 989184K, committed 118784K, used 34471K [0x00000000c3a00000, 0x0000000100000000)
  region size 1024K, 2 young (2048K), 2 survivors (2048K)
 Metaspace       used 20942K, committed 21312K, reserved 1114112K
  class space    used 2829K, committed 3008K, reserved 1048576K
}

