# JRE version: Java(TM) SE Runtime Environment (22.0.1+8) (build 22.0.1+8-16)
# Java VM: Java HotSpot(TM) 64-Bit Server VM (22.0.1+8-16, mixed mode, sharing, tiered, compressed oops, compressed class ptrs, g1 gc, linux-amd64)
Heap:
 garbage-first heap   total reserved 989184K, committed 69632K, used 44368K [0x00000000c3a00000, 0x0000000100000000)
  region size 1024K, 20 young (20480K), 5 survivors (5120K)
 Metaspace       used 19457K, committed 19904K, reserved 1114112K
  class space    used 2788K, committed 3008K, reserved 1048576K
GC Heap History (6 events):
Event: 3.236 GC heap before
{Heap before GC invocations=0 (full 0):
 garbage-first heap   total reserved 989184K, committed 65536K, used 22563K [0x00000000c3a00000, 0x0000000100000000)
  region size 1024K, 22 young (22528K), 0 survivors (0K)
 Metaspace       used 5210K, committed 5376K, reserved 1114112K
  class space    used 636K, committed 704K, reserved 1048576K
}
Event: 3.241 GC heap after
{Heap after GC invocations=1 (full 0):
 garbage-first heap   total reserved 989184K, committed 65536K, used 3171K [0x00000000c3a00000, 0x0000000100000000)
  region size 1024K, 3 young (3072K), 3 survivors (3072K)
 Metaspace       used 5210K, committed 5376K, reserved 1114112K
  class space    used 636K, committed 704K, reserved 1048576K
}
Event: 3.672 GC heap before
{Heap before GC invocations=1 (full 0):
 garbage-first heap   total reserved 989184K, committed 65536K, used 36963K [0x00000000c3a00000, 0x0000000100000000)
  region size 1024K, 37 young (37888K), 3 survivors (3072K)
 Metaspace       used 13551K, committed 13888K, reserved 1114112K
  class space    used 1959K, committed 2112K, reserved 1048576K
}
Event: 3.681 GC heap after
{Heap after GC invocations=2 (full 0):
 garbage-first heap   total reserved 989184K, committed 65536K, used 6527K [0x00000000c3a00000, 0x0000000100000000)
  region size 1024K, 5 young (5120K), 5 survivors (5120K)
 Metaspace       used 13551K, committed 13888K, reserved 1114112K
  class space    used 1959K, committed 2112K, reserved 1048576K
}
Event: 16.976 GC heap before
{Heap before GC invocations=2 (full 0):
 garbage-first heap   total reserved 989184K, committed 65536K, used 56703K [0x00000000c3a00000, 0x0000000100000000)
  region size 1024K, 37 young (37888K), 5 survivors (5120K)
 Metaspace       used 18809K, committed 19264K, reserved 1114112K
  class space    used 2780K, committed 3008K, reserved 1048576K
}
Event: 16.984 GC heap after
{Heap after GC invocations=3 (full 0):
 garbage-first heap   total reserved 989184K, committed 69632K, used 29956K [0x00000000c3a00000, 0x0000000100000000)
  region size 1024K, 5 young (5120K), 5 survivors (5120K)
 Metaspace       used 18809K, committed 19264K, reserved 1114112K
  class space    used 2780K, committed 3008K, reserved 1048576K
}

