# JRE version: Java(TM) SE Runtime Environment (22.0.1+8) (build 22.0.1+8-16)
# Java VM: Java HotSpot(TM) 64-Bit Server VM (22.0.1+8-16, mixed mode, sharing, tiered, compressed oops, compressed class ptrs, g1 gc, linux-amd64)
Heap:
 garbage-first heap   total reserved 989184K, committed 76800K, used 50497K [0x00000000c3a00000, 0x0000000100000000)
  region size 1024K, 8 young (8192K), 4 survivors (4096K)
 Metaspace       used 19994K, committed 20352K, reserved 1114112K
  class space    used 2771K, committed 2880K, reserved 1048576K
GC Heap History (10 events):
Event: 3.293 GC heap before
{Heap before GC invocations=0 (full 0):
 garbage-first heap   total reserved 989184K, committed 65536K, used 22563K [0x00000000c3a00000, 0x0000000100000000)
  region size 1024K, 22 young (22528K), 0 survivors (0K)
 Metaspace       used 5213K, committed 5376K, reserved 1114112K
  class space    used 638K, committed 704K, reserved 1048576K
}
Event: 3.301 GC heap after
{Heap after GC invocations=1 (full 0):
 garbage-first heap   total reserved 989184K, committed 65536K, used 3267K [0x00000000c3a00000, 0x0000000100000000)
  region size 1024K, 3 young (3072K), 3 survivors (3072K)
 Metaspace       used 5213K, committed 5376K, reserved 1114112K
  class space    used 638K, committed 704K, reserved 1048576K
}
Event: 3.838 GC heap before
{Heap before GC invocations=1 (full 0):
 garbage-first heap   total reserved 989184K, committed 65536K, used 37059K [0x00000000c3a00000, 0x0000000100000000)
  region size 1024K, 37 young (37888K), 3 survivors (3072K)
 Metaspace       used 13591K, committed 13888K, reserved 1114112K
  class space    used 1965K, committed 2112K, reserved 1048576K
}
Event: 3.848 GC heap after
{Heap after GC invocations=2 (full 0):
 garbage-first heap   total reserved 989184K, committed 65536K, used 6570K [0x00000000c3a00000, 0x0000000100000000)
  region size 1024K, 5 young (5120K), 5 survivors (5120K)
 Metaspace       used 13591K, committed 13888K, reserved 1114112K
  class space    used 1965K, committed 2112K, reserved 1048576K
}
Event: 20.883 GC heap before
{Heap before GC invocations=2 (full 0):
 garbage-first heap   total reserved 989184K, committed 65536K, used 57770K [0x00000000c3a00000, 0x0000000100000000)
  region size 1024K, 37 young (37888K), 5 survivors (5120K)
 Metaspace       used 18572K, committed 18944K, reserved 1114112K
  class space    used 2642K, committed 2816K, reserved 1048576K
}
Event: 20.894 GC heap after
{Heap after GC invocations=3 (full 0):
 garbage-first heap   total reserved 989184K, committed 69632K, used 29486K [0x00000000c3a00000, 0x0000000100000000)
  region size 1024K, 5 young (5120K), 5 survivors (5120K)
 Metaspace       used 18572K, committed 18944K, reserved 1114112K
  class space    used 2642K, committed 2816K, reserved 1048576K
}
Event: 41.975 GC heap before
{Heap before GC invocations=3 (full 0):
 garbage-first heap   total reserved 989184K, committed 69632K, used 45870K [0x00000000c3a00000, 0x0000000100000000)
  region size 1024K, 20 young (20480K), 5 survivors (5120K)
 Metaspace       used 19525K, committed 19776K, reserved 1114112K
  class space    used 2766K, committed 2880K, reserved 1048576K
}
Event: 41.982 GC heap after
{Heap after GC invocations=4 (full 0):
 garbage-first heap   total reserved 989184K, committed 69632K, used 35485K [0x00000000c3a00000, 0x0000000100000000)
  region size 1024K, 3 young (3072K), 3 survivors (3072K)
 Metaspace       used 19525K, committed 19776K, reserved 1114112K
  class space    used 2766K, committed 2880K, reserved 1048576K
}
Event: 48.284 GC heap before
{Heap before GC invocations=5 (full 0):
 garbage-first heap   total reserved 989184K, committed 69632K, used 68253K [0x00000000c3a00000, 0x0000000100000000)
  region size 1024K, 25 young (25600K), 3 survivors (3072K)
 Metaspace       used 19953K, committed 20224K, reserved 1114112K
  class space    used 2767K, committed 2880K, reserved 1048576K
}
Event: 48.294 GC heap after
{Heap after GC invocations=6 (full 0):
 garbage-first heap   total reserved 989184K, committed 76800K, used 41692K [0x00000000c3a00000, 0x0000000100000000)
  region size 1024K, 4 young (4096K), 4 survivors (4096K)
 Metaspace       used 19953K, committed 20224K, reserved 1114112K
  class space    used 2767K, committed 2880K, reserved 1048576K
}

