# JRE version: Java(TM) SE Runtime Environment (22.0.1+8) (build 22.0.1+8-16)
# Java VM: Java HotSpot(TM) 64-Bit Server VM (22.0.1+8-16, mixed mode, sharing, tiered, compressed oops, compressed class ptrs, g1 gc, linux-amd64)
Heap:
 garbage-first heap   total reserved 989184K, committed 69632K, used 34611K [0x00000000c3a00000, 0x0000000100000000)
  region size 1024K, 11 young (11264K), 5 survivors (5120K)
 Metaspace       used 19129K, committed 19520K, reserved 1114112K
  class space    used 2778K, committed 2944K, reserved 1048576K
GC Heap History (6 events):
Event: 2.541 GC heap before
{Heap before GC invocations=0 (full 0):
 garbage-first heap   total reserved 989184K, committed 65536K, used 22563K [0x00000000c3a00000, 0x0000000100000000)
  region size 1024K, 22 young (22528K), 0 survivors (0K)
 Metaspace       used 5281K, committed 5504K, reserved 1114112K
  class space    used 659K, committed 768K, reserved 1048576K
}
Event: 2.551 GC heap after
{Heap after GC invocations=1 (full 0):
 garbage-first heap   total reserved 989184K, committed 65536K, used 3203K [0x00000000c3a00000, 0x0000000100000000)
  region size 1024K, 3 young (3072K), 3 survivors (3072K)
 Metaspace       used 5281K, committed 5504K, reserved 1114112K
  class space    used 659K, committed 768K, reserved 1048576K
}
Event: 3.298 GC heap before
{Heap before GC invocations=1 (full 0):
 garbage-first heap   total reserved 989184K, committed 65536K, used 36995K [0x00000000c3a00000, 0x0000000100000000)
  region size 1024K, 37 young (37888K), 3 survivors (3072K)
 Metaspace       used 13657K, committed 14016K, reserved 1114112K
  class space    used 1979K, committed 2176K, reserved 1048576K
}
Event: 3.305 GC heap after
{Heap after GC invocations=2 (full 0):
 garbage-first heap   total reserved 989184K, committed 65536K, used 6378K [0x00000000c3a00000, 0x0000000100000000)
  region size 1024K, 5 young (5120K), 5 survivors (5120K)
 Metaspace       used 13657K, committed 14016K, reserved 1114112K
  class space    used 1979K, committed 2176K, reserved 1048576K
}
Event: 21.537 GC heap before
{Heap before GC invocations=2 (full 0):
 garbage-first heap   total reserved 989184K, committed 65536K, used 56554K [0x00000000c3a00000, 0x0000000100000000)
  region size 1024K, 37 young (37888K), 5 survivors (5120K)
 Metaspace       used 18762K, committed 19072K, reserved 1114112K
  class space    used 2758K, committed 2880K, reserved 1048576K
}
Event: 21.545 GC heap after
{Heap after GC invocations=3 (full 0):
 garbage-first heap   total reserved 989184K, committed 69632K, used 29491K [0x00000000c3a00000, 0x0000000100000000)
  region size 1024K, 5 young (5120K), 5 survivors (5120K)
 Metaspace       used 18762K, committed 19072K, reserved 1114112K
  class space    used 2758K, committed 2880K, reserved 1048576K
}

