# JRE version: Java(TM) SE Runtime Environment (22.0.1+8) (build 22.0.1+8-16)
# Java VM: Java HotSpot(TM) 64-Bit Server VM (22.0.1+8-16, mixed mode, sharing, tiered, compressed oops, compressed class ptrs, g1 gc, linux-amd64)
Heap:
 garbage-first heap   total reserved 989184K, committed 69632K, used 44583K [0x00000000c3a00000, 0x0000000100000000)
  region size 1024K, 20 young (20480K), 5 survivors (5120K)
 Metaspace       used 19728K, committed 20032K, reserved 1114112K
  class space    used 2792K, committed 2944K, reserved 1048576K
GC Heap History (6 events):
Event: 2.019 GC heap before
{Heap before GC invocations=0 (full 0):
 garbage-first heap   total reserved 989184K, committed 65536K, used 22563K [0x00000000c3a00000, 0x0000000100000000)
  region size 1024K, 22 young (22528K), 0 survivors (0K)
 Metaspace       used 5253K, committed 5440K, reserved 1114112K
  class space    used 658K, committed 768K, reserved 1048576K
}
Event: 2.024 GC heap after
{Heap after GC invocations=1 (full 0):
 garbage-first heap   total reserved 989184K, committed 65536K, used 3171K [0x00000000c3a00000, 0x0000000100000000)
  region size 1024K, 3 young (3072K), 3 survivors (3072K)
 Metaspace       used 5253K, committed 5440K, reserved 1114112K
  class space    used 658K, committed 768K, reserved 1048576K
}
Event: 2.540 GC heap before
{Heap before GC invocations=1 (full 0):
 garbage-first heap   total reserved 989184K, committed 65536K, used 36963K [0x00000000c3a00000, 0x0000000100000000)
  region size 1024K, 37 young (37888K), 3 survivors (3072K)
 Metaspace       used 13872K, committed 14208K, reserved 1114112K
  class space    used 1985K, committed 2112K, reserved 1048576K
}
Event: 2.549 GC heap after
{Heap after GC invocations=2 (full 0):
 garbage-first heap   total reserved 989184K, committed 65536K, used 6756K [0x00000000c3a00000, 0x0000000100000000)
  region size 1024K, 5 young (5120K), 5 survivors (5120K)
 Metaspace       used 13872K, committed 14208K, reserved 1114112K
  class space    used 1985K, committed 2112K, reserved 1048576K
}
Event: 14.523 GC heap before
{Heap before GC invocations=2 (full 0):
 garbage-first heap   total reserved 989184K, committed 65536K, used 56932K [0x00000000c3a00000, 0x0000000100000000)
  region size 1024K, 37 young (37888K), 5 survivors (5120K)
 Metaspace       used 18867K, committed 19264K, reserved 1114112K
  class space    used 2697K, committed 2880K, reserved 1048576K
}
Event: 14.533 GC heap after
{Heap after GC invocations=3 (full 0):
 garbage-first heap   total reserved 989184K, committed 69632K, used 30070K [0x00000000c3a00000, 0x0000000100000000)
  region size 1024K, 5 young (5120K), 5 survivors (5120K)
 Metaspace       used 18867K, committed 19264K, reserved 1114112K
  class space    used 2697K, committed 2880K, reserved 1048576K
}

